<?xml version="1.0" encoding="UTF-8"?>
<testng-results skipped="0" failed="1" total="7" passed="6">
  <reporter-output>
  </reporter-output>
  <suite name="Suite" duration-ms="93140" started-at="2016-03-09T14:47:29Z" finished-at="2016-03-09T14:49:02Z">
    <groups>
    </groups>
    <test name="Test" duration-ms="93140" started-at="2016-03-09T14:47:29Z" finished-at="2016-03-09T14:49:02Z">
      <class name="testCases.ManageAreaTest">
        <test-method status="PASS" signature="setUp()[pri:0, instance:testCases.ManageAreaTest@43a25848]" name="setUp" is-config="true" duration-ms="4770" started-at="2016-03-09T11:48:05Z" finished-at="2016-03-09T11:48:10Z">
          <reporter-output>
          </reporter-output>
        </test-method> <!-- setUp -->
        <test-method status="FAIL" signature="addCounty()[pri:0, instance:testCases.ManageAreaTest@43a25848]" name="addCounty" duration-ms="15909" started-at="2016-03-09T11:48:10Z" finished-at="2016-03-09T11:48:26Z">
          <exception class="org.openqa.selenium.NoSuchElementException">
            <message>
              <![CDATA[Unable to locate element: {"method":"css selector","selector":".alert.alert-info.alert-dismissable"}
Command duration or timeout: 10.04 seconds
For documentation on this error, please visit: http://seleniumhq.org/exceptions/no_such_element.html
Build info: version: '2.48.2', revision: '41bccdd', time: '2015-10-09 19:55:52'
System info: host: 'Lenovo-P', ip: '192.168.1.167', os.name: 'Windows 10', os.arch: 'amd64', os.version: '10.0', java.version: '1.8.0_71'
Driver info: org.openqa.selenium.firefox.FirefoxDriver
Capabilities [{applicationCacheEnabled=true, rotatable=false, handlesAlerts=true, databaseEnabled=true, version=44.0.2, platform=WINDOWS, nativeEvents=false, acceptSslCerts=true, webStorageEnabled=true, locationContextEnabled=true, browserName=firefox, takesScreenshot=true, javascriptEnabled=true, cssSelectorsEnabled=true}]
Session ID: 2a6d14b8-9477-4300-a574-e456fb1dd667
*** Element info: {Using=css selector, value=.alert.alert-info.alert-dismissable}]]>
            </message>
            <full-stacktrace>
              <![CDATA[org.openqa.selenium.NoSuchElementException: Unable to locate element: {"method":"css selector","selector":".alert.alert-info.alert-dismissable"}
Command duration or timeout: 10.04 seconds
For documentation on this error, please visit: http://seleniumhq.org/exceptions/no_such_element.html
Build info: version: '2.48.2', revision: '41bccdd', time: '2015-10-09 19:55:52'
System info: host: 'Lenovo-P', ip: '192.168.1.167', os.name: 'Windows 10', os.arch: 'amd64', os.version: '10.0', java.version: '1.8.0_71'
Driver info: org.openqa.selenium.firefox.FirefoxDriver
Capabilities [{applicationCacheEnabled=true, rotatable=false, handlesAlerts=true, databaseEnabled=true, version=44.0.2, platform=WINDOWS, nativeEvents=false, acceptSslCerts=true, webStorageEnabled=true, locationContextEnabled=true, browserName=firefox, takesScreenshot=true, javascriptEnabled=true, cssSelectorsEnabled=true}]
Session ID: 2a6d14b8-9477-4300-a574-e456fb1dd667
*** Element info: {Using=css selector, value=.alert.alert-info.alert-dismissable}
	at sun.reflect.NativeConstructorAccessorImpl.newInstance0(Native Method)
	at sun.reflect.NativeConstructorAccessorImpl.newInstance(Unknown Source)
	at sun.reflect.DelegatingConstructorAccessorImpl.newInstance(Unknown Source)
	at java.lang.reflect.Constructor.newInstance(Unknown Source)
	at org.openqa.selenium.remote.ErrorHandler.createThrowable(ErrorHandler.java:206)
	at org.openqa.selenium.remote.ErrorHandler.throwIfResponseFailed(ErrorHandler.java:158)
	at org.openqa.selenium.remote.RemoteWebDriver.execute(RemoteWebDriver.java:647)
	at org.openqa.selenium.remote.RemoteWebDriver.findElement(RemoteWebDriver.java:353)
	at org.openqa.selenium.remote.RemoteWebDriver.findElementByCssSelector(RemoteWebDriver.java:482)
	at org.openqa.selenium.By$ByCssSelector.findElement(By.java:430)
	at org.openqa.selenium.remote.RemoteWebDriver.findElement(RemoteWebDriver.java:345)
	at org.openqa.selenium.support.pagefactory.DefaultElementLocator.findElement(DefaultElementLocator.java:69)
	at org.openqa.selenium.support.pagefactory.internal.LocatingElementHandler.invoke(LocatingElementHandler.java:38)
	at com.sun.proxy.$Proxy8.getText(Unknown Source)
	at pageObjects.ManageAreas.ManageAreasPage.getMessage(ManageAreasPage.java:33)
	at testCases.ManageAreaTest.addCounty(ManageAreaTest.java:33)
	at sun.reflect.NativeMethodAccessorImpl.invoke0(Native Method)
	at sun.reflect.NativeMethodAccessorImpl.invoke(Unknown Source)
	at sun.reflect.DelegatingMethodAccessorImpl.invoke(Unknown Source)
	at java.lang.reflect.Method.invoke(Unknown Source)
	at org.testng.internal.MethodInvocationHelper.invokeMethod(MethodInvocationHelper.java:85)
	at org.testng.internal.Invoker.invokeMethod(Invoker.java:639)
	at org.testng.internal.Invoker.invokeTestMethod(Invoker.java:821)
	at org.testng.internal.Invoker.invokeTestMethods(Invoker.java:1131)
	at org.testng.internal.TestMethodWorker.invokeTestMethods(TestMethodWorker.java:124)
	at org.testng.internal.TestMethodWorker.run(TestMethodWorker.java:108)
	at org.testng.TestRunner.privateRun(TestRunner.java:773)
	at org.testng.TestRunner.run(TestRunner.java:623)
	at org.testng.SuiteRunner.runTest(SuiteRunner.java:357)
	at org.testng.SuiteRunner.runSequentially(SuiteRunner.java:352)
	at org.testng.SuiteRunner.privateRun(SuiteRunner.java:310)
	at org.testng.SuiteRunner.run(SuiteRunner.java:259)
	at org.testng.SuiteRunnerWorker.runSuite(SuiteRunnerWorker.java:52)
	at org.testng.SuiteRunnerWorker.run(SuiteRunnerWorker.java:86)
	at org.testng.TestNG.runSuitesSequentially(TestNG.java:1185)
	at org.testng.TestNG.runSuitesLocally(TestNG.java:1110)
	at org.testng.TestNG.run(TestNG.java:1018)
	at org.testng.remote.RemoteTestNG.run(RemoteTestNG.java:111)
	at org.testng.remote.RemoteTestNG.initAndRun(RemoteTestNG.java:204)
	at org.testng.remote.RemoteTestNG.main(RemoteTestNG.java:175)
Caused by: org.openqa.selenium.NoSuchElementException: Unable to locate element: {"method":"css selector","selector":".alert.alert-info.alert-dismissable"}
For documentation on this error, please visit: http://seleniumhq.org/exceptions/no_such_element.html
Build info: version: '2.48.2', revision: '41bccdd', time: '2015-10-09 19:55:52'
System info: host: 'Lenovo-P', ip: '192.168.1.167', os.name: 'Windows 10', os.arch: 'amd64', os.version: '10.0', java.version: '1.8.0_71'
Driver info: driver.version: unknown
	at <anonymous class>.FirefoxDriver.prototype.findElementInternal_(file:///C:/Users/WillDom/AppData/Local/Temp/anonymous5008968504266742094webdriver-profile/extensions/fxdriver@googlecode.com/components/driver-component.js:10659)
	at <anonymous class>.fxdriver.Timer.prototype.setTimeout/<.notify(file:///C:/Users/WillDom/AppData/Local/Temp/anonymous5008968504266742094webdriver-profile/extensions/fxdriver@googlecode.com/components/driver-component.js:621)
]]>
            </full-stacktrace>
          </exception> <!-- org.openqa.selenium.NoSuchElementException -->
          <reporter-output>
          </reporter-output>
        </test-method> <!-- addCounty -->
        <test-method status="PASS" signature="tearDown()[pri:0, instance:testCases.ManageAreaTest@43a25848]" name="tearDown" is-config="true" duration-ms="1677" started-at="2016-03-09T11:48:26Z" finished-at="2016-03-09T11:48:27Z">
          <reporter-output>
          </reporter-output>
        </test-method> <!-- tearDown -->
      </class> <!-- testCases.ManageAreaTest -->
      <class name="testCases.StateTest">
        <test-method status="PASS" signature="setUp()[pri:0, instance:testCases.StateTest@3ac3fd8b]" name="setUp" is-config="true" duration-ms="5012" started-at="2016-03-09T11:48:27Z" finished-at="2016-03-09T11:48:32Z">
          <reporter-output>
          </reporter-output>
        </test-method> <!-- setUp -->
        <test-method status="PASS" signature="CreateStateTest()[pri:0, instance:testCases.StateTest@3ac3fd8b]" name="CreateStateTest" duration-ms="5495" started-at="2016-03-09T11:48:32Z" finished-at="2016-03-09T11:48:38Z">
          <reporter-output>
          </reporter-output>
        </test-method> <!-- CreateStateTest -->
        <test-method status="PASS" signature="tearDown()[pri:0, instance:testCases.StateTest@3ac3fd8b]" name="tearDown" is-config="true" duration-ms="1494" started-at="2016-03-09T11:48:38Z" finished-at="2016-03-09T11:48:39Z">
          <reporter-output>
          </reporter-output>
        </test-method> <!-- tearDown -->
        <test-method status="PASS" signature="setUp()[pri:0, instance:testCases.StateTest@3ac3fd8b]" name="setUp" is-config="true" duration-ms="4727" started-at="2016-03-09T11:48:39Z" finished-at="2016-03-09T11:48:44Z">
          <reporter-output>
          </reporter-output>
        </test-method> <!-- setUp -->
        <test-method status="PASS" signature="AddAreaTest()[pri:0, instance:testCases.StateTest@3ac3fd8b]" name="AddAreaTest" duration-ms="5433" started-at="2016-03-09T11:48:44Z" finished-at="2016-03-09T11:48:49Z">
          <reporter-output>
          </reporter-output>
        </test-method> <!-- AddAreaTest -->
        <test-method status="PASS" signature="tearDown()[pri:0, instance:testCases.StateTest@3ac3fd8b]" name="tearDown" is-config="true" duration-ms="1430" started-at="2016-03-09T11:48:49Z" finished-at="2016-03-09T11:48:51Z">
          <reporter-output>
          </reporter-output>
        </test-method> <!-- tearDown -->
        <test-method status="PASS" signature="setUp()[pri:0, instance:testCases.StateTest@3ac3fd8b]" name="setUp" is-config="true" duration-ms="4622" started-at="2016-03-09T11:48:51Z" finished-at="2016-03-09T11:48:55Z">
          <reporter-output>
          </reporter-output>
        </test-method> <!-- setUp -->
        <test-method status="PASS" signature="DeleteStateTest()[pri:0, instance:testCases.StateTest@3ac3fd8b]" name="DeleteStateTest" duration-ms="5579" started-at="2016-03-09T11:48:55Z" finished-at="2016-03-09T11:49:01Z">
          <reporter-output>
          </reporter-output>
        </test-method> <!-- DeleteStateTest -->
        <test-method status="PASS" signature="tearDown()[pri:0, instance:testCases.StateTest@3ac3fd8b]" name="tearDown" is-config="true" duration-ms="1463" started-at="2016-03-09T11:49:01Z" finished-at="2016-03-09T11:49:02Z">
          <reporter-output>
          </reporter-output>
        </test-method> <!-- tearDown -->
      </class> <!-- testCases.StateTest -->
      <class name="testCases.CarrierTest">
        <test-method status="PASS" signature="setUp()[pri:0, instance:testCases.CarrierTest@2d209079]" name="setUp" is-config="true" duration-ms="6730" started-at="2016-03-09T11:47:29Z" finished-at="2016-03-09T11:47:36Z">
          <reporter-output>
          </reporter-output>
        </test-method> <!-- setUp -->
        <test-method status="PASS" signature="CreateCarrierTest()[pri:0, instance:testCases.CarrierTest@2d209079]" name="CreateCarrierTest" duration-ms="5478" started-at="2016-03-09T11:47:36Z" finished-at="2016-03-09T11:47:42Z">
          <reporter-output>
          </reporter-output>
        </test-method> <!-- CreateCarrierTest -->
        <test-method status="PASS" signature="tearDown()[pri:0, instance:testCases.CarrierTest@2d209079]" name="tearDown" is-config="true" duration-ms="1752" started-at="2016-03-09T11:47:42Z" finished-at="2016-03-09T11:47:43Z">
          <reporter-output>
          </reporter-output>
        </test-method> <!-- tearDown -->
        <test-method status="PASS" signature="setUp()[pri:0, instance:testCases.CarrierTest@2d209079]" name="setUp" is-config="true" duration-ms="3501" started-at="2016-03-09T11:47:43Z" finished-at="2016-03-09T11:47:47Z">
          <reporter-output>
          </reporter-output>
        </test-method> <!-- setUp -->
        <test-method status="PASS" signature="ModifyCarrierTest()[pri:0, instance:testCases.CarrierTest@2d209079]" name="ModifyCarrierTest" duration-ms="5380" started-at="2016-03-09T11:47:47Z" finished-at="2016-03-09T11:47:52Z">
          <reporter-output>
          </reporter-output>
        </test-method> <!-- ModifyCarrierTest -->
        <test-method status="PASS" signature="tearDown()[pri:0, instance:testCases.CarrierTest@2d209079]" name="tearDown" is-config="true" duration-ms="1396" started-at="2016-03-09T11:47:52Z" finished-at="2016-03-09T11:47:54Z">
          <reporter-output>
          </reporter-output>
        </test-method> <!-- tearDown -->
        <test-method status="PASS" signature="setUp()[pri:0, instance:testCases.CarrierTest@2d209079]" name="setUp" is-config="true" duration-ms="5080" started-at="2016-03-09T11:47:54Z" finished-at="2016-03-09T11:47:59Z">
          <reporter-output>
          </reporter-output>
        </test-method> <!-- setUp -->
        <test-method status="PASS" signature="DeleteCarrierTest()[pri:0, instance:testCases.CarrierTest@2d209079]" name="DeleteCarrierTest" duration-ms="4850" started-at="2016-03-09T11:47:59Z" finished-at="2016-03-09T11:48:04Z">
          <reporter-output>
          </reporter-output>
        </test-method> <!-- DeleteCarrierTest -->
        <test-method status="PASS" signature="tearDown()[pri:0, instance:testCases.CarrierTest@2d209079]" name="tearDown" is-config="true" duration-ms="1333" started-at="2016-03-09T11:48:04Z" finished-at="2016-03-09T11:48:05Z">
          <reporter-output>
          </reporter-output>
        </test-method> <!-- tearDown -->
      </class> <!-- testCases.CarrierTest -->
    </test> <!-- Test -->
  </suite> <!-- Suite -->
</testng-results>
